<?xml version="1.0" encoding="utf-8" standalone="no"?>
<test-results xmlns:xsi="http://www.w3.org/2001/XMLSchema-instance" xsi:noNamespaceSchemaLocation="nunit_schema_2.5.xsd" name="Pester" total="14" errors="0" failures="0" not-run="0" inconclusive="0" ignored="0" skipped="0" invalid="0" date="2026-08-15" time="19:16:38">
  <environment cwd="/Users/Adam.Gell/repo/GraphKit" user="Adam.Gell" machine-name="BigMac26.home.gell.one" os-version="25.4.0" platform="Darwin" nunit-version="2.5.8.0" clr-version="10.0.11" user-domain="" />
  <culture-info current-culture="en-US" current-uiculture="en-US" />
  <test-suite type="TestFixture" name="Pester" executed="True" result="Success" success="True" time="9.74" asserts="0" description="Pester">
    <results>
      <test-suite type="TestFixture" name="/Users/Adam.Gell/repo/GraphKit/tests/Adapter/Send-GraphHttpRequest.Tests.ps1" executed="True" result="Success" success="True" time="9.74" asserts="0" description="/Users/Adam.Gell/repo/GraphKit/tests/Adapter/Send-GraphHttpRequest.Tests.ps1">
        <results>
          <test-suite type="TestFixture" name="Send-GraphHttpRequest (loopback through the real sender)" executed="True" result="Success" success="True" time="8.6119" asserts="0" description="Send-GraphHttpRequest (loopback through the real sender)">
            <results>
              <test-suite type="TestFixture" name="Send-GraphHttpRequest (loopback through the real sender).loopback server lifecycle" executed="True" result="Success" success="True" time="8.6065" asserts="0" description="Send-GraphHttpRequest (loopback through the real sender).loopback server lifecycle">
                <results>
                  <test-case description="does not follow redirects: a 3xx surfaces as the result" name="Send-GraphHttpRequest (loopback through the real sender).loopback server lifecycle.does not follow redirects: a 3xx surfaces as the result" time="0.1552" asserts="0" success="True" result="Success" executed="True" />
                  <test-case description="GraphBearer attaches only to the exact expected authority" name="Send-GraphHttpRequest (loopback through the real sender).loopback server lifecycle.GraphBearer attaches only to the exact expected authority" time="0.0236" asserts="0" success="True" result="Success" executed="True" />
                  <test-case description="GraphBearer refuses a foreign authority with a hard error" name="Send-GraphHttpRequest (loopback through the real sender).loopback server lifecycle.GraphBearer refuses a foreign authority with a hard error" time="0.0193" asserts="0" success="True" result="Success" executed="True" />
                  <test-case description="None policy never carries an Authorization header" name="Send-GraphHttpRequest (loopback through the real sender).loopback server lifecycle.None policy never carries an Authorization header" time="0.0155" asserts="0" success="True" result="Success" executed="True" />
                  <test-case description="enforces the tenant-binding gate on mutating sends" name="Send-GraphHttpRequest (loopback through the real sender).loopback server lifecycle.enforces the tenant-binding gate on mutating sends" time="0.0291" asserts="0" success="True" result="Success" executed="True" />
                  <test-case description="normalizes a connection failure into a result (never throws)" name="Send-GraphHttpRequest (loopback through the real sender).loopback server lifecycle.normalizes a connection failure into a result (never throws)" time="0.0088" asserts="0" success="True" result="Success" executed="True" />
                  <test-case description="fires the header timeout independently" name="Send-GraphHttpRequest (loopback through the real sender).loopback server lifecycle.fires the header timeout independently" time="2.023" asserts="0" success="True" result="Success" executed="True" />
                  <test-case description="fires the body timeout independently of the header phase" name="Send-GraphHttpRequest (loopback through the real sender).loopback server lifecycle.fires the body timeout independently of the header phase" time="2.2103" asserts="0" success="True" result="Success" executed="True" />
                  <test-case description="a cancelled token aborts an in-flight request" name="Send-GraphHttpRequest (loopback through the real sender).loopback server lifecycle.a cancelled token aborts an in-flight request" time="3.0174" asserts="0" success="True" result="Success" executed="True" />
                  <test-case description="issues exactly one physical send (no hidden retry handler)" name="Send-GraphHttpRequest (loopback through the real sender).loopback server lifecycle.issues exactly one physical send (no hidden retry handler)" time="1.0246" asserts="0" success="True" result="Success" executed="True" />
                  <test-case description="normalizes duplicate response headers into a single joined value" name="Send-GraphHttpRequest (loopback through the real sender).loopback server lifecycle.normalizes duplicate response headers into a single joined value" time="0.0173" asserts="0" success="True" result="Success" executed="True" />
                  <test-case description="normalizes an empty body to null" name="Send-GraphHttpRequest (loopback through the real sender).loopback server lifecycle.normalizes an empty body to null" time="0.0096" asserts="0" success="True" result="Success" executed="True" />
                  <test-case description="normalizes a mid-response connection close into a result" name="Send-GraphHttpRequest (loopback through the real sender).loopback server lifecycle.normalizes a mid-response connection close into a result" time="0.0137" asserts="0" success="True" result="Success" executed="True" />
                  <test-case description="feeds a malformed Retry-After through the delay parser" name="Send-GraphHttpRequest (loopback through the real sender).loopback server lifecycle.feeds a malformed Retry-After through the delay parser" time="0.0289" asserts="0" success="True" result="Success" executed="True" />
                </results>
              </test-suite>
            </results>
          </test-suite>
        </results>
      </test-suite>
    </results>
  </test-suite>
</test-results>