<?xml version="1.0" encoding="utf-8" standalone="no"?>
<test-results xmlns:xsi="http://www.w3.org/2001/XMLSchema-instance" xsi:noNamespaceSchemaLocation="nunit_schema_2.5.xsd" name="Pester" total="8" errors="0" failures="0" not-run="0" inconclusive="0" ignored="0" skipped="0" invalid="0" date="2026-08-16" time="10:47:56">
  <environment cwd="/Users/Adam.Gell/repo/GraphKit" os-version="25.4.0" machine-name="BigMac26.home.gell.one" nunit-version="2.5.8.0" platform="Darwin" clr-version="10.0.11" user-domain="" user="Adam.Gell" />
  <culture-info current-culture="en-US" current-uiculture="en-US" />
  <test-suite type="TestFixture" name="Pester" executed="True" result="Success" success="True" time="0.6107" asserts="0" description="Pester">
    <results>
      <test-suite type="TestFixture" name="/Users/Adam.Gell/repo/GraphKit/tests/Unit/Operations/DescriptorInvariants.Tests.ps1" executed="True" result="Success" success="True" time="0.6107" asserts="0" description="/Users/Adam.Gell/repo/GraphKit/tests/Unit/Operations/DescriptorInvariants.Tests.ps1">
        <results>
          <test-suite type="TestFixture" name="Descriptor invariants that fail silently if broken" executed="True" result="Success" success="True" time="0.0819" asserts="0" description="Descriptor invariants that fail silently if broken">
            <results>
              <test-case description="keeps the $select on Organization/GetMdmAuthority" name="Descriptor invariants that fail silently if broken.keeps the $select on Organization/GetMdmAuthority" time="0.0444" asserts="0" success="True" result="Success" executed="True" />
              <test-case description="declares every singleton with the singleton handler and no paging" name="Descriptor invariants that fail silently if broken.declares every singleton with the singleton handler and no paging" time="0.005" asserts="0" success="True" result="Success" executed="True" />
              <test-case description="gives every beta descriptor a reason" name="Descriptor invariants that fail silently if broken.gives every beta descriptor a reason" time="0.011" asserts="0" success="True" result="Success" executed="True" />
              <test-case description="never pairs a ListBeta operation with a v1.0 ApiVersion" name="Descriptor invariants that fail silently if broken.never pairs a ListBeta operation with a v1.0 ApiVersion" time="0.0086" asserts="0" success="True" result="Success" executed="True" />
            </results>
          </test-suite>
          <test-suite type="TestFixture" name="Get-GraphOperation does not hand out the live catalog" executed="True" result="Success" success="True" time="0.104" asserts="0" description="Get-GraphOperation does not hand out the live catalog">
            <results>
              <test-case description="a mutated result does not affect the next lookup" name="Get-GraphOperation does not hand out the live catalog.a mutated result does not affect the next lookup" time="0.0057" asserts="0" success="True" result="Success" executed="True" />
              <test-case description="copies nested structures, not just the top level" name="Get-GraphOperation does not hand out the live catalog.copies nested structures, not just the top level" time="0.005" asserts="0" success="True" result="Success" executed="True" />
              <test-case description="copies array members" name="Get-GraphOperation does not hand out the live catalog.copies array members" time="0.0056" asserts="0" success="True" result="Success" executed="True" />
              <test-case description="still returns a usable descriptor with its values intact" name="Get-GraphOperation does not hand out the live catalog.still returns a usable descriptor with its values intact" time="0.004" asserts="0" success="True" result="Success" executed="True" />
            </results>
          </test-suite>
        </results>
      </test-suite>
    </results>
  </test-suite>
</test-results>